<?xml version="1.0" encoding="UTF-8"?>
<!-- Generated by org.testng.reporters.JUnitReportReporter -->
<testsuite hostname="Srividya_Dasari" failures="0" tests="1" name="testCases.Tc_001_logintest" time="3.434" errors="0" timestamp="2024-03-06T11:30:56 IST" skipped="0">
  <testcase classname="testCases.Tc_001_logintest" name="login" time="3.434"/>
  <system-out/>
</testsuite> <!-- testCases.Tc_001_logintest -->
